<?xml version="1.0" encoding="UTF-8"?>
<!-- Generated by org.testng.reporters.JUnitReportReporter -->
<testsuite hostname="DESKTOP-K5QR6PC" failures="0" tests="1" name="pojo.Test12" time="4.216" errors="0" timestamp="2025-03-29T22:03:00 IST" skipped="0">
  <testcase classname="pojo.Test12" name="tc2" time="4.216"/>
  <system-out/>
</testsuite> <!-- pojo.Test12 -->
