<?xml version="1.0" encoding="UTF-8"?>
<!-- Generated by org.testng.reporters.JUnitReportReporter -->
<testsuite hostname="DESKTOP-K5QR6PC" failures="0" tests="4" name="cucumber.Options.TestRunner" time="9.661" errors="0" timestamp="2025-04-29T17:45:51 IST" skipped="0">
  <testcase classname="cucumber.Options.TestRunner" name="runScenario" time="0.972"/>
  <system-out/>
  <testcase classname="cucumber.Options.TestRunner" name="runScenario" time="0.788"/>
  <system-out/>
  <testcase classname="cucumber.Options.TestRunner" name="runScenario" time="6.733"/>
  <system-out/>
  <testcase classname="cucumber.Options.TestRunner" name="runScenario" time="1.168"/>
  <system-out/>
</testsuite> <!-- cucumber.Options.TestRunner -->
