<?xml version="1.0" encoding="UTF-8"?>
<!-- Generated by org.testng.reporters.JUnitReportReporter -->
<testsuite hostname="DESKTOP-K5QR6PC" failures="0" tests="1" name="cucumber.Options.TestRunner" time="14.937" errors="0" timestamp="2025-03-30T13:24:48 IST" skipped="0">
  <testcase classname="cucumber.Options.TestRunner" name="runScenario" time="14.937"/>
</testsuite> <!-- cucumber.Options.TestRunner -->
